2024-11-15 11:30:47,961 - INFO - 开始启动端口转发
2024-11-15 11:30:47,963 - INFO - SSH线程已启动
2024-11-15 11:30:47,963 - INFO - 开始连接: 1.94.37.1:50553
2024-11-15 11:30:47,964 - INFO - 尝试 SSH 连接 (1/3)
2024-11-15 11:30:48,093 - INFO - 正在设置端口转发: 50553 -> 50553
2024-11-15 11:30:48,616 - INFO - 连接成功建立
2024-11-15 11:31:01,623 - INFO - 连接已关闭
2024-11-15 11:31:09,017 - INFO - 开始启动端口转发
2024-11-15 11:31:09,017 - INFO - SSH线程已启动
2024-11-15 11:31:09,018 - INFO - 开始连接: 1.94.37.1w:50553
2024-11-15 11:31:09,018 - INFO - 尝试 SSH 连接 (1/3)
2024-11-15 11:31:09,087 - ERROR - 连接失败 (1/3): [Errno 11001] getaddrinfo failed
2024-11-15 11:31:14,088 - INFO - 尝试 SSH 连接 (2/3)
2024-11-15 11:31:14,130 - ERROR - 连接失败 (2/3): [Errno 11001] getaddrinfo failed
2024-11-15 11:31:19,132 - INFO - 尝试 SSH 连接 (3/3)
2024-11-15 11:31:19,174 - ERROR - 连接失败 (3/3): [Errno 11001] getaddrinfo failed
2024-11-15 11:31:19,174 - ERROR - 重试次数已达上限，停止连接
2024-11-15 11:31:19,175 - INFO - 连接已关闭
2024-11-15 11:37:46,905 - ERROR - 加载史记录失败: Expecting value: line 1 column 1 (char 0)
2024-11-15 11:37:49,480 - INFO - SSH线程已启动
2024-11-15 11:37:49,481 - INFO - 开始连接: 1.94.37.1:50553
2024-11-15 11:37:49,481 - INFO - 尝试 SSH 连接 (1/3)
2024-11-15 11:37:49,595 - INFO - 正在设置端口转发: 50553 -> 50553
2024-11-15 11:37:50,092 - INFO - 连接成功建立
2024-11-15 11:38:05,099 - INFO - 连接已关闭
